proguard/seeds.txt
com.iniwap.whereisboat.HSVLayout
com.iniwap.whereisboat.HSVLayout: HSVLayout(android.content.Context,android.util.AttributeSet)
com.iniwap.whereisboat.InfoSettingActivity
com.iniwap.whereisboat.InfoSettingActivity: InfoSettingActivity()
com.iniwap.whereisboat.LoginActivity
com.iniwap.whereisboat.LoginActivity: LoginActivity()
com.iniwap.whereisboat.MainActivity
com.iniwap.whereisboat.MainActivity: MainActivity()
com.iniwap.whereisboat.R$anim: int animation_close_menu
com.iniwap.whereisboat.R$anim: int animation_open_menu
com.iniwap.whereisboat.R$drawable: int account_btn
com.iniwap.whereisboat.R$drawable: int background_btn
com.iniwap.whereisboat.R$drawable: int background_edittext
com.iniwap.whereisboat.R$drawable: int background_listview
com.iniwap.whereisboat.R$drawable: int background_login
com.iniwap.whereisboat.R$drawable: int background_login_current
com.iniwap.whereisboat.R$drawable: int background_login_div
com.iniwap.whereisboat.R$drawable: int background_upload
com.iniwap.whereisboat.R$drawable: int background_uploadimg_div
com.iniwap.whereisboat.R$drawable: int backicon
com.iniwap.whereisboat.R$drawable: int ic_btn_admin
com.iniwap.whereisboat.R$drawable: int ic_btn_upload
com.iniwap.whereisboat.R$drawable: int ic_current_location
com.iniwap.whereisboat.R$drawable: int ic_infosettingbtn
com.iniwap.whereisboat.R$drawable: int ic_launcher
com.iniwap.whereisboat.R$drawable: int ic_launcher_11
com.iniwap.whereisboat.R$drawable: int ic_menu_name
com.iniwap.whereisboat.R$drawable: int ic_pos_begin
com.iniwap.whereisboat.R$drawable: int ic_pos_current
com.iniwap.whereisboat.R$drawable: int ic_pos_end
com.iniwap.whereisboat.R$drawable: int ic_pos_pin
com.iniwap.whereisboat.R$drawable: int ic_pos_sel
com.iniwap.whereisboat.R$drawable: int ic_pos_start
com.iniwap.whereisboat.R$drawable: int ic_time_sel
com.iniwap.whereisboat.R$drawable: int icon_geo
com.iniwap.whereisboat.R$drawable: int infosettingbtn
com.iniwap.whereisboat.R$drawable: int point_1
com.iniwap.whereisboat.R$id: int ELocation
com.iniwap.whereisboat.R$id: int NLocation
com.iniwap.whereisboat.R$id: int act_btn
com.iniwap.whereisboat.R$id: int addtext
com.iniwap.whereisboat.R$id: int appnametag
com.iniwap.whereisboat.R$id: int backbtn
com.iniwap.whereisboat.R$id: int cancelbtn
com.iniwap.whereisboat.R$id: int center_map
com.iniwap.whereisboat.R$id: int close
com.iniwap.whereisboat.R$id: int cptag
com.iniwap.whereisboat.R$id: int current_user
com.iniwap.whereisboat.R$id: int edittext
com.iniwap.whereisboat.R$id: int expand_close
com.iniwap.whereisboat.R$id: int footerbar
com.iniwap.whereisboat.R$id: int hsv
com.iniwap.whereisboat.R$id: int hsvLayout
com.iniwap.whereisboat.R$id: int imgdes_div
com.iniwap.whereisboat.R$id: int imglist_div
com.iniwap.whereisboat.R$id: int infosettingbtn
com.iniwap.whereisboat.R$id: int infotext
com.iniwap.whereisboat.R$id: int item_cb
com.iniwap.whereisboat.R$id: int item_tv
com.iniwap.whereisboat.R$id: int lateset
com.iniwap.whereisboat.R$id: int list
com.iniwap.whereisboat.R$id: int listview
com.iniwap.whereisboat.R$id: int locationinfo
com.iniwap.whereisboat.R$id: int login
com.iniwap.whereisboat.R$id: int login_div
com.iniwap.whereisboat.R$id: int login_password_input
com.iniwap.whereisboat.R$id: int login_user_input
com.iniwap.whereisboat.R$id: int logout
com.iniwap.whereisboat.R$id: int ltext
com.iniwap.whereisboat.R$id: int lv
com.iniwap.whereisboat.R$id: int map
com.iniwap.whereisboat.R$id: int off_item_cb
com.iniwap.whereisboat.R$layout: int horizontalscrollview
com.iniwap.whereisboat.R$layout: int infosetting
com.iniwap.whereisboat.R$layout: int listviewitem
com.iniwap.whereisboat.R$layout: int login
com.iniwap.whereisboat.R$layout: int main
com.iniwap.whereisboat.R$layout: int offlinelistviewitem
com.iniwap.whereisboat.R$layout: int popupwindow
com.iniwap.whereisboat.R$layout: int upload
...
com.esri.core.portal.PortalUserRole: com.esri.core.portal.PortalUserRole[] values()
com.esri.core.portal.PortalUserRole: com.esri.core.portal.PortalUserRole valueOf(java.lang.String)
com.esri.core.portal.WebMapLayer$Mode: com.esri.core.portal.WebMapLayer$Mode[] values()
com.esri.core.portal.WebMapLayer$Mode: com.esri.core.portal.WebMapLayer$Mode valueOf(java.lang.String)
com.esri.core.portal.WebMapLayer$Type: com.esri.core.portal.WebMapLayer$Type[] values()
com.esri.core.portal.WebMapLayer$Type: com.esri.core.portal.WebMapLayer$Type valueOf(java.lang.String)
com.esri.core.renderer.ClassBreaksDefinition$ClassificationMethod: com.esri.core.renderer.ClassBreaksDefinition$ClassificationMethod[] values()
com.esri.core.renderer.ClassBreaksDefinition$ClassificationMethod: com.esri.core.renderer.ClassBreaksDefinition$ClassificationMethod valueOf(java.lang.String)
com.esri.core.renderer.DictionaryRenderer
com.esri.core.renderer.DictionaryRenderer: double nativeGetLabelMaxScale(long)
com.esri.core.renderer.DictionaryRenderer: void nativeSetLabelMaxScale(long,double)
com.esri.core.renderer.DictionaryRenderer: double nativeGetLabelMinScale(long)
com.esri.core.renderer.DictionaryRenderer: void nativeSetLabelMinScale(long,double)
com.esri.core.renderer.DictionaryRenderer: boolean nativeGetLabelsVisible(long)
com.esri.core.renderer.DictionaryRenderer: void nativeSetLabelsVisible(long,boolean)
com.esri.core.renderer.DictionaryRenderer: double nativeGetSymbolScaleFactor(long)
com.esri.core.renderer.NormalizationType: com.esri.core.renderer.NormalizationType[] values()
com.esri.core.renderer.NormalizationType: com.esri.core.renderer.NormalizationType valueOf(java.lang.String)
com.esri.core.renderer.RampDefinition$Algorithm: com.esri.core.renderer.RampDefinition$Algorithm[] values()
com.esri.core.renderer.RampDefinition$Algorithm: com.esri.core.renderer.RampDefinition$Algorithm valueOf(java.lang.String)
com.esri.core.renderer.RotationType: com.esri.core.renderer.RotationType[] values()
com.esri.core.renderer.RotationType: com.esri.core.renderer.RotationType valueOf(java.lang.String)
com.esri.core.runtime.LicenseImpl
com.esri.core.runtime.LicenseImpl: java.lang.String nativeGenerateLicenseInfo(boolean,long)
com.esri.core.runtime.LicenseImpl: boolean nativeIsClientIdValid(java.lang.String)
com.esri.core.runtime.LicenseImpl: int nativeIsLicenseStringValid(java.lang.String)
com.esri.core.runtime.LicenseImpl: int nativeIsLicenseInfoValid(java.lang.String)
com.esri.core.runtime.LicenseImpl: int nativeIsExtensionLicenseStringValid(java.lang.String[])
com.esri.core.runtime.LicenseImpl: int nativeGetLicenseLevel()
com.esri.core.runtime.LicenseImpl: long nativeGetExpiry()
com.esri.core.runtime.LicenseImpl: void nativeUnlicense()
com.esri.core.runtime.LicenseLevel: com.esri.core.runtime.LicenseLevel[] values()
com.esri.core.runtime.LicenseLevel: com.esri.core.runtime.LicenseLevel valueOf(java.lang.String)
com.esri.core.runtime.LicenseResult: com.esri.core.runtime.LicenseResult[] values()
com.esri.core.runtime.LicenseResult: com.esri.core.runtime.LicenseResult valueOf(java.lang.String)
com.esri.core.symbol.FontDecoration: com.esri.core.symbol.FontDecoration[] values()
com.esri.core.symbol.FontDecoration: com.esri.core.symbol.FontDecoration valueOf(java.lang.String)
com.esri.core.symbol.FontStyle: com.esri.core.symbol.FontStyle[] values()
com.esri.core.symbol.FontStyle: com.esri.core.symbol.FontStyle valueOf(java.lang.String)
com.esri.core.symbol.FontWeight: com.esri.core.symbol.FontWeight[] values()
com.esri.core.symbol.FontWeight: com.esri.core.symbol.FontWeight valueOf(java.lang.String)
com.esri.core.symbol.SimpleFillSymbol$STYLE: com.esri.core.symbol.SimpleFillSymbol$STYLE[] values()
com.esri.core.symbol.SimpleFillSymbol$STYLE: com.esri.core.symbol.SimpleFillSymbol$STYLE valueOf(java.lang.String)