proguard/mapping.txt
com.iniwap.whereisboat.Account -> com.iniwap.whereisboat.a:
    java.lang.String name -> a
    java.lang.String password -> b
    int type -> c
    boolean is_online -> d
com.iniwap.whereisboat.AppConstant -> com.iniwap.whereisboat.b:
    java.lang.String LOGID -> a
com.iniwap.whereisboat.DataBaseManage -> com.iniwap.whereisboat.c:
    android.content.Context context -> a
    com.iniwap.whereisboat.DataBaseManage$DataBaseHelper helper -> b
    android.database.sqlite.SQLiteDatabase database -> c
    void open() -> a
    void close() -> b
    void Insert(java.lang.String,java.lang.String,int) -> a
    com.iniwap.whereisboat.Account[] fetchAllAccountRecord() -> c
com.iniwap.whereisboat.DataBaseManage$DataBaseHelper -> com.iniwap.whereisboat.d:
    com.iniwap.whereisboat.DataBaseManage this$0 -> a
    void onCreate(android.database.sqlite.SQLiteDatabase) -> onCreate
    void onUpgrade(android.database.sqlite.SQLiteDatabase,int,int) -> onUpgrade
com.iniwap.whereisboat.HSVLayout -> com.iniwap.whereisboat.HSVLayout:
    android.content.Context mContext -> a
    android.widget.Button[] mButtons -> b
    void initHSVView() -> a
    void setButtonImage(int,android.graphics.drawable.Drawable) -> a
    void deleteButtonImage(int) -> a
    android.content.Context access$0(com.iniwap.whereisboat.HSVLayout) -> a
com.iniwap.whereisboat.HSVLayout$1 -> com.iniwap.whereisboat.e:
    com.iniwap.whereisboat.HSVLayout this$0 -> a
    void onClick(android.view.View) -> onClick
com.iniwap.whereisboat.InfoSettingActivity -> com.iniwap.whereisboat.InfoSettingActivity:
    android.content.Context mContext -> a
    void onCreate(android.os.Bundle) -> onCreate
    java.lang.String getIMEI() -> a
    void onPause() -> onPause
    void onResume() -> onResume
    boolean onKeyDown(int,android.view.KeyEvent) -> onKeyDown
com.iniwap.whereisboat.InfoSettingActivity$1 -> com.iniwap.whereisboat.f:
    com.iniwap.whereisboat.InfoSettingActivity this$0 -> a
    void onClick(android.view.View) -> onClick
com.iniwap.whereisboat.InfoSettingActivity$2 -> com.iniwap.whereisboat.g:
    com.iniwap.whereisboat.InfoSettingActivity this$0 -> a
    void onClick(android.view.View) -> onClick
com.iniwap.whereisboat.InfoSettingActivity$2$1 -> com.iniwap.whereisboat.h:
    com.iniwap.whereisboat.InfoSettingActivity$2 this$1 -> a
    void onCompleted(java.lang.Exception,com.koushikdutta.async.http.AsyncHttpResponse,java.lang.String) -> a
    void onCompleted(java.lang.Exception,java.lang.Object,java.lang.Object) -> a
com.iniwap.whereisboat.LoginActivity -> com.iniwap.whereisboat.LoginActivity:
    com.iniwap.whereisboat.DataBaseManage dbm -> c
    com.iniwap.whereisboat.Account[] mAccount -> d
    android.content.Context mContext -> e
    android.app.ProgressDialog progressDialog -> f
    android.os.Handler uiHandler -> a
    android.content.DialogInterface$OnClickListener listener -> b
    void onCreate(android.os.Bundle) -> onCreate
    java.util.List getData(java.lang.String) -> a
    boolean checkPassword(java.lang.String) -> b
    boolean checkUserName(java.lang.String) -> c
    com.iniwap.whereisboat.Account[] getLoginAccountRecord() -> a
    java.lang.String encryptPwd(java.lang.String) -> d
    boolean onKeyDown(int,android.view.KeyEvent) -> onKeyDown
    java.lang.String getIMEI() -> b
    android.app.ProgressDialog access$0() -> c
    android.content.Context access$1() -> d
    void access$2(android.app.ProgressDialog) -> a
    com.iniwap.whereisboat.DataBaseManage access$3() -> e
com.iniwap.whereisboat.LoginActivity$1 -> com.iniwap.whereisboat.i:
    void handleMessage(android.os.Message) -> handleMessage
com.iniwap.whereisboat.LoginActivity$2 -> com.iniwap.whereisboat.j:
    com.iniwap.whereisboat.LoginActivity this$0 -> a
    void onClick(android.content.DialogInterface,int) -> onClick
...
jcifs.smb.SmbComSessionSetupAndX -> b.c.ag:
    int BATCH_LIMIT -> C
    boolean DISABLE_PLAIN_TEXT_PASSWORDS -> D
    byte[] lmHash -> E
    byte[] ntHash -> F
    byte[] blob -> G
    int sessionKey -> H
    int capabilities -> I
    java.lang.String accountName -> J
    java.lang.String primaryDomain -> K
    jcifs.smb.SmbSession session -> b
    java.lang.Object cred -> B
    int getBatchLimit(byte) -> a
    int writeParameterWordsWireFormat(byte[],int) -> n
    int writeBytesWireFormat(byte[],int) -> o
    int readParameterWordsWireFormat(byte[],int) -> p
    int readBytesWireFormat(byte[],int) -> q
    java.lang.String toString() -> toString
jcifs.smb.SmbComSessionSetupAndXResponse -> b.c.ah:
    java.lang.String nativeOs -> C
    java.lang.String nativeLanMan -> D
    java.lang.String primaryDomain -> E
    boolean isLoggedInAsGuest -> b
    byte[] blob -> B
    int writeParameterWordsWireFormat(byte[],int) -> n
    int writeBytesWireFormat(byte[],int) -> o
    int readParameterWordsWireFormat(byte[],int) -> p
    int readBytesWireFormat(byte[],int) -> q
    java.lang.String toString() -> toString
jcifs.smb.SmbComTransaction -> b.c.ai:
    int DEFAULT_MAX_DATA_COUNT -> a
    int flags -> b
    int pad -> B
    int pad1 -> az
    boolean hasMore -> aA
    boolean isPrimary -> aB
    int bufParameterOffset -> aC
    int bufDataOffset -> aD
    int primarySetupOffset -> C
    int secondaryParameterOffset -> D
    int parameterCount -> E
    int parameterOffset -> F
    int parameterDisplacement -> G
    int dataCount -> H
    int dataOffset -> I
    int dataDisplacement -> J
    int totalParameterCount -> K
    int totalDataCount -> L
    int maxParameterCount -> M
    int maxDataCount -> N
    byte maxSetupCount -> O
    int timeout -> P
    int setupCount -> Q
    byte subCommand -> R
    java.lang.String name -> S
    int maxBufferSize -> T
    byte[] txn_buf -> U
    void reset() -> e
    boolean hasMoreElements() -> hasMoreElements
    java.lang.Object nextElement() -> nextElement
    int writeParameterWordsWireFormat(byte[],int) -> n
    int writeBytesWireFormat(byte[],int) -> o
    int readParameterWordsWireFormat(byte[],int) -> p
    int readBytesWireFormat(byte[],int) -> q
    int writeSetupWireFormat(byte[],int) -> c
    int writeParametersWireFormat(byte[],int) -> d
    int writeDataWireFormat(byte[],int) -> e
    java.lang.String toString() -> toString
jcifs.smb.SmbComTransactionResponse -> b.c.aj:
    int pad -> O
    int pad1 -> P
    boolean parametersDone -> Q
    boolean dataDone -> R
    int totalParameterCount -> a
    int totalDataCount -> b
    int parameterCount -> B
    int parameterOffset -> C
    int parameterDisplacement -> D
    int dataOffset -> E
    int dataDisplacement -> F
    int setupCount -> G
    int bufParameterStart -> H
    int bufDataStart -> I
    int dataCount -> J
    byte subCommand -> K
    boolean hasMore -> L
    boolean isPrimary -> M
    byte[] txn_buf -> N
    void reset() -> e
    boolean hasMoreElements() -> hasMoreElements
    java.lang.Object nextElement() -> nextElement
    int writeParameterWordsWireFormat(byte[],int) -> n
    int writeBytesWireFormat(byte[],int) -> o
    int readParameterWordsWireFormat(byte[],int) -> p
    int readBytesWireFormat(byte[],int) -> q
    int readParametersWireFormat(byte[],int,int) -> b
    int readDataWireFormat(byte[],int,int) -> c
    java.lang.String toString() -> toString