proguard/usage.txt
com.iniwap.whereisboat.Account:
    public double longitude
    public double latitude
    public int location_id
com.iniwap.whereisboat.AppConstant:
    public static final int MAX_REUPLOAD_NUM
    public static final java.lang.String UPLOAD_URL
    public static final java.lang.String LOGIN_URL
    public static final java.lang.String LOGOUT_URL
    public static final java.lang.String UPLOAD_LOCATION_URL
    public static final java.lang.String GET_USER_LIST_URL
    public static final int MAX_UPLOAD_PIC_NUM
    public static final int MAX_UPLOAD_IMG_SIZE
    public static final int POST_LOCATION_TIME_INTERVAL
    public static final int REFRESH_USERLIST_INTERVAL
    public static final double MIN_POST_DISTANCE
    3:3:public AppConstant()
com.iniwap.whereisboat.BuildConfig
com.iniwap.whereisboat.DataBaseManage:
    public static final int VERSION
    public static final java.lang.String DATABASE
    public static final java.lang.String KEY_NAME
    public static final java.lang.String KEY_PASSWORD
    public static final java.lang.String KEY_TYPE
    public static final java.lang.String KEY_ID
    public static final java.lang.String KEY_TIME
    public static final java.lang.String KEY_LONGITUDE
    public static final java.lang.String KEY_LATITUDE
    public static final java.lang.String KEY_LOACTION_NAME
    public static final java.lang.String TABLE_ACCOUNT
    public static final java.lang.String TABLE_LOCATION
    public static final java.lang.String SQL_TABLE_CREATE
    public static final java.lang.String SQL_TABLE_LOCATION
    64:72:public void insertLocation(double,double,java.lang.String,java.lang.String)
    78:91:public double[] getLocation(java.lang.String)
    132:142:public com.iniwap.whereisboat.Account fetchAccount(java.lang.String)
    147:151:public void delete(java.lang.String)
com.iniwap.whereisboat.HSVLayout:
    protected static final java.lang.String UPDATE_IMAGE_ACTION
com.iniwap.whereisboat.ImageViewBorder
com.iniwap.whereisboat.InfoSettingActivity:
    138:138:public static android.content.Context getContext()
com.iniwap.whereisboat.LoginActivity:
    private static final boolean DEFINE_TEST_DEBUG
    public static final int CLOSE_PROGRESS_DIALOG
    public static final int LOGIN_FAIL
com.iniwap.whereisboat.MainActivity:
    private static final int VECTOR
    private static final int SATELLITE
    public static final int REFRESH_LIST_VIEW_MSG
    534:553:public java.lang.String parseJson(org.json.JSONObject)
    679:692:private void setDrawableColor(java.lang.String,android.graphics.drawable.Drawable)
com.iniwap.whereisboat.R
com.iniwap.whereisboat.R$anim
com.iniwap.whereisboat.R$attr
com.iniwap.whereisboat.R$drawable
com.iniwap.whereisboat.R$id
com.iniwap.whereisboat.R$layout
com.iniwap.whereisboat.R$string
com.iniwap.whereisboat.R$style
com.iniwap.whereisboat.UploadImageActivity:
    private static final int SELECT_PHOTO
    private static final int TAKE_PHOTO
    private static final int CROP_PHOTO
    private com.esri.android.map.MapView mapView
...
android.support.v4.view.ViewGroupCompatJellybeanMR2
android.support.v4.view.ViewPager:
    private static final java.lang.String TAG
    private static final boolean DEBUG
    private static final boolean USE_CACHE
    private static final int DEFAULT_OFFSCREEN_PAGES
    private static final int MAX_SETTLE_DURATION
    private static final int MIN_DISTANCE_FOR_FLING
    private static final int DEFAULT_GUTTER_SIZE
    private static final int MIN_FLING_VELOCITY
    private boolean mIgnoreGutter
    private static final int INVALID_POINTER
    private static final int CLOSE_ENOUGH
    private long mFakeDragBeginTime
    private static final int DRAW_ORDER_DEFAULT
    private static final int DRAW_ORDER_FORWARD
    private static final int DRAW_ORDER_REVERSE
    public static final int SCROLL_STATE_IDLE
    public static final int SCROLL_STATE_DRAGGING
    public static final int SCROLL_STATE_SETTLING
    344:346:public ViewPager(android.content.Context)
    349:351:public ViewPager(android.content.Context,android.util.AttributeSet)
    354:379:void initViewPager()
    608:620:public void setPageTransformer(boolean,android.support.v4.view.ViewPager$PageTransformer)
    654:656:android.support.v4.view.ViewPager$OnPageChangeListener setInternalPageChangeListener(android.support.v4.view.ViewPager$OnPageChangeListener)
    778:779:void smoothScrollTo(int,int)
    2273:2289:public boolean beginFakeDrag()
    2299:2320:public void endFakeDrag()
    2330:2368:public void fakeDragBy(float)
    2380:2380:public boolean isFakeDragging()
android.support.v4.view.ViewPager$3
android.support.v4.view.ViewPager$MyAccessibilityDelegate
android.support.v4.view.ViewPager$SimpleOnPageChangeListener
android.support.v4.view.ViewParentCompat
android.support.v4.view.ViewParentCompat$ViewParentCompatICSImpl
android.support.v4.view.ViewParentCompat$ViewParentCompatImpl
android.support.v4.view.ViewParentCompat$ViewParentCompatStubImpl
android.support.v4.view.ViewParentCompatICS
android.support.v4.view.WindowCompat
android.support.v4.view.accessibility.AccessibilityEventCompat
android.support.v4.view.accessibility.AccessibilityEventCompat$AccessibilityEventIcsImpl
android.support.v4.view.accessibility.AccessibilityEventCompat$AccessibilityEventStubImpl
android.support.v4.view.accessibility.AccessibilityEventCompat$AccessibilityEventVersionImpl
android.support.v4.view.accessibility.AccessibilityEventCompatIcs
android.support.v4.view.accessibility.AccessibilityManagerCompat
android.support.v4.view.accessibility.AccessibilityManagerCompat$AccessibilityManagerIcsImpl
android.support.v4.view.accessibility.AccessibilityManagerCompat$AccessibilityManagerIcsImpl$1
android.support.v4.view.accessibility.AccessibilityManagerCompat$AccessibilityManagerStubImpl
android.support.v4.view.accessibility.AccessibilityManagerCompat$AccessibilityManagerVersionImpl
android.support.v4.view.accessibility.AccessibilityManagerCompat$AccessibilityStateChangeListenerCompat
android.support.v4.view.accessibility.AccessibilityManagerCompatIcs
android.support.v4.view.accessibility.AccessibilityManagerCompatIcs$1
android.support.v4.view.accessibility.AccessibilityManagerCompatIcs$AccessibilityStateChangeListenerBridge
android.support.v4.view.accessibility.AccessibilityNodeInfoCompat
android.support.v4.view.accessibility.AccessibilityNodeInfoCompat$AccessibilityNodeInfoIcsImpl
android.support.v4.view.accessibility.AccessibilityNodeInfoCompat$AccessibilityNodeInfoImpl
android.support.v4.view.accessibility.AccessibilityNodeInfoCompat$AccessibilityNodeInfoJellybeanImpl
android.support.v4.view.accessibility.AccessibilityNodeInfoCompat$AccessibilityNodeInfoJellybeanMr2Impl
android.support.v4.view.accessibility.AccessibilityNodeInfoCompat$AccessibilityNodeInfoKitKatImpl
android.support.v4.view.accessibility.AccessibilityNodeInfoCompat$AccessibilityNodeInfoStubImpl
android.support.v4.view.accessibility.AccessibilityNodeInfoCompatIcs